mode: set
github.com/dory/go-TODOGotcha/todogotcha/todogotcha.go:56.13,63.23 3 1
github.com/dory/go-TODOGotcha/todogotcha/todogotcha.go:72.2,75.47 2 1
github.com/dory/go-TODOGotcha/todogotcha/todogotcha.go:86.2,86.27 1 1
github.com/dory/go-TODOGotcha/todogotcha/todogotcha.go:89.2,89.26 1 1
github.com/dory/go-TODOGotcha/todogotcha/todogotcha.go:94.2,94.13 1 1
github.com/dory/go-TODOGotcha/todogotcha/todogotcha.go:63.23,65.17 2 1
github.com/dory/go-TODOGotcha/todogotcha/todogotcha.go:65.17,67.4 1 0
github.com/dory/go-TODOGotcha/todogotcha/todogotcha.go:67.4,69.4 1 1
github.com/dory/go-TODOGotcha/todogotcha/todogotcha.go:75.47,77.26 2 0
github.com/dory/go-TODOGotcha/todogotcha/todogotcha.go:77.26,79.18 2 0
github.com/dory/go-TODOGotcha/todogotcha/todogotcha.go:83.4,83.25 1 0
github.com/dory/go-TODOGotcha/todogotcha/todogotcha.go:79.18,81.13 2 0
github.com/dory/go-TODOGotcha/todogotcha/todogotcha.go:86.27,88.3 1 0
github.com/dory/go-TODOGotcha/todogotcha/todogotcha.go:89.26,91.3 1 0
github.com/dory/go-TODOGotcha/todogotcha/todogotcha.go:98.18,99.27 1 1
github.com/dory/go-TODOGotcha/todogotcha/todogotcha.go:99.27,102.33 3 0
github.com/dory/go-TODOGotcha/todogotcha/todogotcha.go:105.3,108.13 4 0
github.com/dory/go-TODOGotcha/todogotcha/todogotcha.go:102.33,104.4 1 0
github.com/dory/go-TODOGotcha/todogotcha/todogotcha.go:114.54,123.31 6 1
github.com/dory/go-TODOGotcha/todogotcha/todogotcha.go:158.2,161.18 4 1
github.com/dory/go-TODOGotcha/todogotcha/todogotcha.go:123.31,129.21 4 1
github.com/dory/go-TODOGotcha/todogotcha/todogotcha.go:144.3,145.10 2 1
github.com/dory/go-TODOGotcha/todogotcha/todogotcha.go:150.3,150.28 1 1
github.com/dory/go-TODOGotcha/todogotcha/todogotcha.go:129.21,130.26 1 1
github.com/dory/go-TODOGotcha/todogotcha/todogotcha.go:133.4,137.18 4 1
github.com/dory/go-TODOGotcha/todogotcha/todogotcha.go:141.4,142.15 2 1
github.com/dory/go-TODOGotcha/todogotcha/todogotcha.go:130.26,132.5 1 0
github.com/dory/go-TODOGotcha/todogotcha/todogotcha.go:137.18,140.5 2 0
github.com/dory/go-TODOGotcha/todogotcha/todogotcha.go:145.10,147.4 1 0
github.com/dory/go-TODOGotcha/todogotcha/todogotcha.go:150.28,151.17 1 1
github.com/dory/go-TODOGotcha/todogotcha/todogotcha.go:151.17,154.5 2 1
github.com/dory/go-TODOGotcha/todogotcha/todogotcha.go:165.54,167.16 2 1
github.com/dory/go-TODOGotcha/todogotcha/todogotcha.go:170.2,170.15 1 1
github.com/dory/go-TODOGotcha/todogotcha/todogotcha.go:175.2,176.16 2 1
github.com/dory/go-TODOGotcha/todogotcha/todogotcha.go:179.2,179.19 1 1
github.com/dory/go-TODOGotcha/todogotcha/todogotcha.go:167.16,169.3 1 0
github.com/dory/go-TODOGotcha/todogotcha/todogotcha.go:170.15,171.45 1 1
github.com/dory/go-TODOGotcha/todogotcha/todogotcha.go:171.45,173.4 1 0
github.com/dory/go-TODOGotcha/todogotcha/todogotcha.go:176.16,178.3 1 0
github.com/dory/go-TODOGotcha/todogotcha/todogotcha.go:183.65,184.33 1 1
github.com/dory/go-TODOGotcha/todogotcha/todogotcha.go:189.2,189.14 1 1
github.com/dory/go-TODOGotcha/todogotcha/todogotcha.go:184.33,185.41 1 1
github.com/dory/go-TODOGotcha/todogotcha/todogotcha.go:185.41,187.4 1 1
github.com/dory/go-TODOGotcha/todogotcha/todogotcha.go:195.65,197.16 2 1
github.com/dory/go-TODOGotcha/todogotcha/todogotcha.go:201.2,201.15 1 1
github.com/dory/go-TODOGotcha/todogotcha/todogotcha.go:207.2,208.35 2 1
github.com/dory/go-TODOGotcha/todogotcha/todogotcha.go:217.2,217.17 1 1
github.com/dory/go-TODOGotcha/todogotcha/todogotcha.go:197.16,200.3 2 0
github.com/dory/go-TODOGotcha/todogotcha/todogotcha.go:201.15,202.35 1 1
github.com/dory/go-TODOGotcha/todogotcha/todogotcha.go:202.35,204.4 1 0
github.com/dory/go-TODOGotcha/todogotcha/todogotcha.go:208.35,209.34 1 1
github.com/dory/go-TODOGotcha/todogotcha/todogotcha.go:213.3,213.61 1 1
github.com/dory/go-TODOGotcha/todogotcha/todogotcha.go:209.34,212.4 2 0
github.com/dory/go-TODOGotcha/todogotcha/todogotcha.go:213.61,215.4 1 1
github.com/dory/go-TODOGotcha/todogotcha/todogotcha.go:225.127,239.34 6 1
github.com/dory/go-TODOGotcha/todogotcha/todogotcha.go:255.2,255.38 1 1
github.com/dory/go-TODOGotcha/todogotcha/todogotcha.go:284.2,285.16 2 1
github.com/dory/go-TODOGotcha/todogotcha/todogotcha.go:239.34,241.16 2 1
github.com/dory/go-TODOGotcha/todogotcha/todogotcha.go:247.3,248.22 2 1
github.com/dory/go-TODOGotcha/todogotcha/todogotcha.go:241.16,245.4 3 1
github.com/dory/go-TODOGotcha/todogotcha/todogotcha.go:248.22,252.4 3 0
github.com/dory/go-TODOGotcha/todogotcha/todogotcha.go:255.38,256.30 1 1
github.com/dory/go-TODOGotcha/todogotcha/todogotcha.go:256.30,257.45 1 1
github.com/dory/go-TODOGotcha/todogotcha/todogotcha.go:257.45,269.40 6 1
github.com/dory/go-TODOGotcha/todogotcha/todogotcha.go:272.5,272.38 1 1
github.com/dory/go-TODOGotcha/todogotcha/todogotcha.go:269.40,271.6 1 0
github.com/dory/go-TODOGotcha/todogotcha/todogotcha.go:272.38,280.6 7 0
github.com/dory/go-TODOGotcha/todogotcha/todogotcha.go:290.61,294.32 2 1
github.com/dory/go-TODOGotcha/todogotcha/todogotcha.go:306.2,306.34 1 1
github.com/dory/go-TODOGotcha/todogotcha/todogotcha.go:318.2,321.29 2 1
github.com/dory/go-TODOGotcha/todogotcha/todogotcha.go:329.2,329.16 1 1
github.com/dory/go-TODOGotcha/todogotcha/todogotcha.go:294.32,296.3 1 1
github.com/dory/go-TODOGotcha/todogotcha/todogotcha.go:296.3,298.17 2 0
github.com/dory/go-TODOGotcha/todogotcha/todogotcha.go:298.17,300.4 1 0
github.com/dory/go-TODOGotcha/todogotcha/todogotcha.go:300.4,302.4 1 0
github.com/dory/go-TODOGotcha/todogotcha/todogotcha.go:306.34,307.37 1 0
github.com/dory/go-TODOGotcha/todogotcha/todogotcha.go:307.37,309.18 2 0
github.com/dory/go-TODOGotcha/todogotcha/todogotcha.go:313.4,313.28 1 0
github.com/dory/go-TODOGotcha/todogotcha/todogotcha.go:309.18,311.13 2 0
github.com/dory/go-TODOGotcha/todogotcha/todogotcha.go:321.29,322.31 1 0
github.com/dory/go-TODOGotcha/todogotcha/todogotcha.go:322.31,324.23 2 0
github.com/dory/go-TODOGotcha/todogotcha/todogotcha.go:324.23,326.5 1 0
github.com/dory/go-TODOGotcha/todogotcha/todogotcha.go:334.50,336.25 1 1
github.com/dory/go-TODOGotcha/todogotcha/todogotcha.go:363.2,363.27 1 1
github.com/dory/go-TODOGotcha/todogotcha/todogotcha.go:336.25,339.33 2 1
github.com/dory/go-TODOGotcha/todogotcha/todogotcha.go:342.3,345.38 2 1
github.com/dory/go-TODOGotcha/todogotcha/todogotcha.go:339.33,341.4 1 1
github.com/dory/go-TODOGotcha/todogotcha/todogotcha.go:345.38,347.43 2 1
github.com/dory/go-TODOGotcha/todogotcha/todogotcha.go:350.4,350.17 1 1
github.com/dory/go-TODOGotcha/todogotcha/todogotcha.go:347.43,349.5 1 1
github.com/dory/go-TODOGotcha/todogotcha/todogotcha.go:352.3,354.43 1 1
github.com/dory/go-TODOGotcha/todogotcha/todogotcha.go:354.43,356.31 2 1
github.com/dory/go-TODOGotcha/todogotcha/todogotcha.go:359.4,359.17 1 1
github.com/dory/go-TODOGotcha/todogotcha/todogotcha.go:356.31,358.5 1 1
github.com/dory/go-TODOGotcha/todogotcha/todogotcha.go:363.27,381.26 14 0
github.com/dory/go-TODOGotcha/todogotcha/todogotcha.go:381.26,384.4 2 0
github.com/dory/go-TODOGotcha/todogotcha/todogotcha.go:391.13,394.2 2 0
