mode: set
github.com/dory/go-todogotcha/todogotcha/todogotcha.go:27.13,34.16 4 1
github.com/dory/go-todogotcha/todogotcha/todogotcha.go:37.2,38.13 2 1
github.com/dory/go-todogotcha/todogotcha/todogotcha.go:34.16,36.3 1 0
github.com/dory/go-todogotcha/todogotcha/todogotcha.go:42.18,43.27 1 1
github.com/dory/go-todogotcha/todogotcha/todogotcha.go:43.27,46.33 3 0
github.com/dory/go-todogotcha/todogotcha/todogotcha.go:49.3,52.13 4 0
github.com/dory/go-todogotcha/todogotcha/todogotcha.go:46.33,48.4 1 0
github.com/dory/go-todogotcha/todogotcha/todogotcha.go:58.54,67.31 6 1
github.com/dory/go-todogotcha/todogotcha/todogotcha.go:118.2,121.18 4 1
github.com/dory/go-todogotcha/todogotcha/todogotcha.go:67.31,71.25 3 1
github.com/dory/go-todogotcha/todogotcha/todogotcha.go:75.3,78.17 3 1
github.com/dory/go-todogotcha/todogotcha/todogotcha.go:84.3,84.16 1 1
github.com/dory/go-todogotcha/todogotcha/todogotcha.go:94.3,95.17 2 1
github.com/dory/go-todogotcha/todogotcha/todogotcha.go:100.3,103.35 2 1
github.com/dory/go-todogotcha/todogotcha/todogotcha.go:106.3,110.26 2 1
github.com/dory/go-todogotcha/todogotcha/todogotcha.go:71.25,74.4 2 0
github.com/dory/go-todogotcha/todogotcha/todogotcha.go:78.17,82.4 3 0
github.com/dory/go-todogotcha/todogotcha/todogotcha.go:84.16,89.68 2 1
github.com/dory/go-todogotcha/todogotcha/todogotcha.go:89.68,91.5 1 0
github.com/dory/go-todogotcha/todogotcha/todogotcha.go:95.17,99.4 3 0
github.com/dory/go-todogotcha/todogotcha/todogotcha.go:103.35,105.4 1 0
github.com/dory/go-todogotcha/todogotcha/todogotcha.go:110.26,111.17 1 1
github.com/dory/go-todogotcha/todogotcha/todogotcha.go:111.17,114.5 2 1
github.com/dory/go-todogotcha/todogotcha/todogotcha.go:125.65,126.33 1 1
github.com/dory/go-todogotcha/todogotcha/todogotcha.go:131.2,131.14 1 1
github.com/dory/go-todogotcha/todogotcha/todogotcha.go:126.33,127.41 1 1
github.com/dory/go-todogotcha/todogotcha/todogotcha.go:127.41,129.4 1 1
github.com/dory/go-todogotcha/todogotcha/todogotcha.go:137.65,139.16 2 1
github.com/dory/go-todogotcha/todogotcha/todogotcha.go:143.2,143.15 1 1
github.com/dory/go-todogotcha/todogotcha/todogotcha.go:149.2,150.35 2 1
github.com/dory/go-todogotcha/todogotcha/todogotcha.go:159.2,159.17 1 1
github.com/dory/go-todogotcha/todogotcha/todogotcha.go:139.16,142.3 2 0
github.com/dory/go-todogotcha/todogotcha/todogotcha.go:143.15,144.35 1 1
github.com/dory/go-todogotcha/todogotcha/todogotcha.go:144.35,146.4 1 0
github.com/dory/go-todogotcha/todogotcha/todogotcha.go:150.35,151.34 1 1
github.com/dory/go-todogotcha/todogotcha/todogotcha.go:155.3,155.61 1 1
github.com/dory/go-todogotcha/todogotcha/todogotcha.go:151.34,154.4 2 0
github.com/dory/go-todogotcha/todogotcha/todogotcha.go:155.61,157.4 1 1
github.com/dory/go-todogotcha/todogotcha/todogotcha.go:168.127,179.34 6 1
github.com/dory/go-todogotcha/todogotcha/todogotcha.go:195.2,195.38 1 1
github.com/dory/go-todogotcha/todogotcha/todogotcha.go:224.2,225.16 2 1
github.com/dory/go-todogotcha/todogotcha/todogotcha.go:179.34,181.16 2 1
github.com/dory/go-todogotcha/todogotcha/todogotcha.go:187.3,188.22 2 1
github.com/dory/go-todogotcha/todogotcha/todogotcha.go:181.16,185.4 3 1
github.com/dory/go-todogotcha/todogotcha/todogotcha.go:188.22,192.4 3 0
github.com/dory/go-todogotcha/todogotcha/todogotcha.go:195.38,196.30 1 1
github.com/dory/go-todogotcha/todogotcha/todogotcha.go:196.30,197.45 1 1
github.com/dory/go-todogotcha/todogotcha/todogotcha.go:197.45,209.40 6 1
github.com/dory/go-todogotcha/todogotcha/todogotcha.go:212.5,212.38 1 1
github.com/dory/go-todogotcha/todogotcha/todogotcha.go:209.40,211.6 1 0
github.com/dory/go-todogotcha/todogotcha/todogotcha.go:212.38,220.6 7 0
github.com/dory/go-todogotcha/todogotcha/todogotcha.go:228.61,232.2 3 1
github.com/dory/go-todogotcha/todogotcha/todogotcha.go:236.50,238.23 1 1
github.com/dory/go-todogotcha/todogotcha/todogotcha.go:265.2,265.21 1 1
github.com/dory/go-todogotcha/todogotcha/todogotcha.go:238.23,241.33 2 1
github.com/dory/go-todogotcha/todogotcha/todogotcha.go:244.3,247.38 2 1
github.com/dory/go-todogotcha/todogotcha/todogotcha.go:241.33,243.4 1 1
github.com/dory/go-todogotcha/todogotcha/todogotcha.go:247.38,249.43 2 1
github.com/dory/go-todogotcha/todogotcha/todogotcha.go:252.4,252.17 1 1
github.com/dory/go-todogotcha/todogotcha/todogotcha.go:249.43,251.5 1 1
github.com/dory/go-todogotcha/todogotcha/todogotcha.go:254.3,256.43 1 1
github.com/dory/go-todogotcha/todogotcha/todogotcha.go:256.43,258.31 2 1
github.com/dory/go-todogotcha/todogotcha/todogotcha.go:261.4,261.17 1 1
github.com/dory/go-todogotcha/todogotcha/todogotcha.go:258.31,260.5 1 1
github.com/dory/go-todogotcha/todogotcha/todogotcha.go:265.21,274.3 8 0
github.com/dory/go-todogotcha/todogotcha/todogotcha.go:279.13,282.2 2 0
